[debug] [2026-05-18T09:46:32.711Z] ----------------------------------------------------------------------
[debug] [2026-05-18T09:46:32.713Z] Command:       /Users/rushil.jariwala/.nvm/versions/node/v22.21.1/bin/node /Users/rushil.jariwala/Desktop/searce-ai-strategist/node_modules/.bin/firebase deploy --only functions
[debug] [2026-05-18T09:46:32.713Z] CLI Version:   15.12.0
[debug] [2026-05-18T09:46:32.713Z] Platform:      darwin
[debug] [2026-05-18T09:46:32.713Z] Node Version:  v22.21.1
[debug] [2026-05-18T09:46:32.713Z] Time:          Mon May 18 2026 15:16:32 GMT+0530 (India Standard Time)
[debug] [2026-05-18T09:46:32.713Z] ----------------------------------------------------------------------
[debug] 
[debug] [2026-05-18T09:46:32.714Z] >>> [apiv2][query] GET https://firebase-public.firebaseio.com/cli.json [none]
[debug] [2026-05-18T09:46:33.597Z] > command requires scopes: ["email","openid","https://www.googleapis.com/auth/cloudplatformprojects.readonly","https://www.googleapis.com/auth/firebase","https://www.googleapis.com/auth/cloud-platform"]
[debug] [2026-05-18T09:46:33.597Z] > authorizing via signed-in user (rushil.jariwala@searce.com)
[debug] [2026-05-18T09:46:33.597Z] [iam] checking project searce-website-hosting for permissions ["cloudfunctions.functions.create","cloudfunctions.functions.delete","cloudfunctions.functions.get","cloudfunctions.functions.list","cloudfunctions.functions.update","cloudfunctions.operations.get","firebase.projects.get"]
[debug] [2026-05-18T09:46:33.597Z] Checked if tokens are valid: true, expires at: 1779101165848
[debug] [2026-05-18T09:46:33.597Z] Checked if tokens are valid: true, expires at: 1779101165848
[debug] [2026-05-18T09:46:33.597Z] >>> [apiv2][query] POST https://cloudresourcemanager.googleapis.com/v1/projects/searce-website-hosting:testIamPermissions [none]
[debug] [2026-05-18T09:46:33.597Z] >>> [apiv2][(partial)header] POST https://cloudresourcemanager.googleapis.com/v1/projects/searce-website-hosting:testIamPermissions  x-goog-user-project=searce-website-hosting
[debug] [2026-05-18T09:46:33.597Z] >>> [apiv2][body] POST https://cloudresourcemanager.googleapis.com/v1/projects/searce-website-hosting:testIamPermissions {"permissions":["cloudfunctions.functions.create","cloudfunctions.functions.delete","cloudfunctions.functions.get","cloudfunctions.functions.list","cloudfunctions.functions.update","cloudfunctions.operations.get","firebase.projects.get"]}
[debug] [2026-05-18T09:46:34.283Z] <<< [apiv2][status] GET https://firebase-public.firebaseio.com/cli.json 200
[debug] [2026-05-18T09:46:34.284Z] <<< [apiv2][body] GET https://firebase-public.firebaseio.com/cli.json {"cloudBuildErrorAfter":1594252800000,"cloudBuildWarnAfter":1590019200000,"defaultNode10After":1594252800000,"minVersion":"3.0.5","node8DeploysDisabledAfter":1613390400000,"node8RuntimeDisabledAfter":1615809600000,"node8WarnAfter":1600128000000}
[debug] [2026-05-18T09:46:35.279Z] <<< [apiv2][status] POST https://cloudresourcemanager.googleapis.com/v1/projects/searce-website-hosting:testIamPermissions 200
[debug] [2026-05-18T09:46:35.280Z] <<< [apiv2][body] POST https://cloudresourcemanager.googleapis.com/v1/projects/searce-website-hosting:testIamPermissions {"permissions":["cloudfunctions.functions.create","cloudfunctions.functions.delete","cloudfunctions.functions.get","cloudfunctions.functions.list","cloudfunctions.functions.update","cloudfunctions.operations.get","firebase.projects.get"]}
[debug] [2026-05-18T09:46:35.280Z] Checked if tokens are valid: true, expires at: 1779101165848
[debug] [2026-05-18T09:46:35.280Z] Checked if tokens are valid: true, expires at: 1779101165848
[debug] [2026-05-18T09:46:35.280Z] >>> [apiv2][query] POST https://iam.googleapis.com/v1/projects/searce-website-hosting/serviceAccounts/searce-website-hosting@appspot.gserviceaccount.com:testIamPermissions [none]
[debug] [2026-05-18T09:46:35.280Z] >>> [apiv2][body] POST https://iam.googleapis.com/v1/projects/searce-website-hosting/serviceAccounts/searce-website-hosting@appspot.gserviceaccount.com:testIamPermissions {"permissions":["iam.serviceAccounts.actAs"]}
[debug] [2026-05-18T09:46:36.969Z] <<< [apiv2][status] POST https://iam.googleapis.com/v1/projects/searce-website-hosting/serviceAccounts/searce-website-hosting@appspot.gserviceaccount.com:testIamPermissions 200
[debug] [2026-05-18T09:46:36.969Z] <<< [apiv2][body] POST https://iam.googleapis.com/v1/projects/searce-website-hosting/serviceAccounts/searce-website-hosting@appspot.gserviceaccount.com:testIamPermissions {"permissions":["iam.serviceAccounts.actAs"]}
[info] 
[info] === Deploying to 'searce-website-hosting'...
[info] 
[info] i  deploying functions 
[info] Running command: npm --prefix "$RESOURCE_DIR" run build
[info] ✔  functions: Finished running predeploy script. 
[debug] [2026-05-18T09:46:38.931Z] Checked if tokens are valid: true, expires at: 1779101165848
[debug] [2026-05-18T09:46:38.931Z] Checked if tokens are valid: true, expires at: 1779101165848
[debug] [2026-05-18T09:46:38.931Z] >>> [apiv2][query] GET https://cloudresourcemanager.googleapis.com/v1/projects/searce-website-hosting [none]
[debug] [2026-05-18T09:46:39.270Z] <<< [apiv2][status] GET https://cloudresourcemanager.googleapis.com/v1/projects/searce-website-hosting 200
[debug] [2026-05-18T09:46:39.271Z] <<< [apiv2][body] GET https://cloudresourcemanager.googleapis.com/v1/projects/searce-website-hosting {"projectNumber":"262518903469","projectId":"searce-website-hosting","lifecycleState":"ACTIVE","name":"Searce - Website Hosting","labels":{"firebase":"enabled","firebase-core":"disabled"},"createTime":"2019-02-07T14:41:08.206Z","parent":{"type":"organization","id":"137290607384"}}
[info] i  functions: preparing codebase default for deployment 
[info] i  functions: ensuring required API cloudfunctions.googleapis.com is enabled... 
[info] i  functions: ensuring required API cloudbuild.googleapis.com is enabled... 
[info] i  artifactregistry: ensuring required API artifactregistry.googleapis.com is enabled... 
[debug] [2026-05-18T09:46:39.274Z] Checked if tokens are valid: true, expires at: 1779101165848
[debug] [2026-05-18T09:46:39.275Z] Checked if tokens are valid: true, expires at: 1779101165848
[debug] [2026-05-18T09:46:39.275Z] >>> [apiv2][query] GET https://firebase.googleapis.com/v1beta1/projects/searce-website-hosting/adminSdkConfig [none]
[debug] [2026-05-18T09:46:40.178Z] <<< [apiv2][status] GET https://firebase.googleapis.com/v1beta1/projects/searce-website-hosting/adminSdkConfig 200
[debug] [2026-05-18T09:46:40.178Z] <<< [apiv2][body] GET https://firebase.googleapis.com/v1beta1/projects/searce-website-hosting/adminSdkConfig {"projectId":"searce-website-hosting","storageBucket":"searce-website-hosting.firebasestorage.app","locationId":"asia-south1"}
[debug] [2026-05-18T09:46:40.179Z] Checked if tokens are valid: true, expires at: 1779101165848
[debug] [2026-05-18T09:46:40.179Z] Checked if tokens are valid: true, expires at: 1779101165848
[debug] [2026-05-18T09:46:40.179Z] >>> [apiv2][query] GET https://runtimeconfig.googleapis.com/v1beta1/projects/searce-website-hosting/configs [none]
[debug] [2026-05-18T09:46:40.930Z] <<< [apiv2][status] GET https://runtimeconfig.googleapis.com/v1beta1/projects/searce-website-hosting/configs 200
[debug] [2026-05-18T09:46:40.931Z] <<< [apiv2][body] GET https://runtimeconfig.googleapis.com/v1beta1/projects/searce-website-hosting/configs {"configs":[{"name":"projects/searce-website-hosting/configs/wordpress-test-config","description":"Holds software readiness status for wordpress-test"}]}
[debug] [2026-05-18T09:46:40.931Z] Checked if tokens are valid: true, expires at: 1779101165848
[debug] [2026-05-18T09:46:40.931Z] Checked if tokens are valid: true, expires at: 1779101165848
[debug] [2026-05-18T09:46:40.931Z] >>> [apiv2][query] GET https://runtimeconfig.googleapis.com/v1beta1/projects/searce-website-hosting/configs/wordpress-test-config/variables [none]
[debug] [2026-05-18T09:46:41.284Z] <<< [apiv2][status] GET https://runtimeconfig.googleapis.com/v1beta1/projects/searce-website-hosting/configs/wordpress-test-config/variables 200
[debug] [2026-05-18T09:46:41.285Z] <<< [apiv2][body] GET https://runtimeconfig.googleapis.com/v1beta1/projects/searce-website-hosting/configs/wordpress-test-config/variables {"variables":[{"name":"projects/searce-website-hosting/configs/wordpress-test-config/variables/status/success/wordpress-test-vm","updateTime":"2024-05-31T12:07:28.189220996Z"}]}
[debug] [2026-05-18T09:46:41.286Z] Checked if tokens are valid: true, expires at: 1779101165848
[debug] [2026-05-18T09:46:41.286Z] Checked if tokens are valid: true, expires at: 1779101165848
[debug] [2026-05-18T09:46:41.286Z] >>> [apiv2][query] GET https://runtimeconfig.googleapis.com/v1beta1/projects/searce-website-hosting/configs/wordpress-test-config/variables/status/success/wordpress-test-vm [none]
[debug] [2026-05-18T09:46:41.677Z] <<< [apiv2][status] GET https://runtimeconfig.googleapis.com/v1beta1/projects/searce-website-hosting/configs/wordpress-test-config/variables/status/success/wordpress-test-vm 200
[debug] [2026-05-18T09:46:41.677Z] <<< [apiv2][body] GET https://runtimeconfig.googleapis.com/v1beta1/projects/searce-website-hosting/configs/wordpress-test-config/variables/status/success/wordpress-test-vm {"name":"projects/searce-website-hosting/configs/wordpress-test-config/variables/status/success/wordpress-test-vm","updateTime":"2024-05-31T12:07:28.189220996Z","value":"c3VjY2Vzcw=="}
[debug] [2026-05-18T09:46:41.680Z] Validating nodejs source
[debug] [2026-05-18T09:46:42.708Z] > [functions] package.json contents: {
  "name": "searce-ai-strategist-functions",
  "private": true,
  "type": "module",
  "version": "1.0.0",
  "main": "out/index.js",
  "scripts": {
    "build": "tsc",
    "build:watch": "tsc --watch"
  },
  "engines": {
    "node": "22"
  },
  "dependencies": {
    "@google/genai": "^1.48.0",
    "firebase-admin": "^13.7.0",
    "firebase-functions": "^7.2.5",
    "zod": "^4.3.6"
  },
  "devDependencies": {
    "@types/node": "^25.5.0",
    "typescript": "^6.0.2"
  }
}
[debug] [2026-05-18T09:46:42.708Z] Building nodejs source
[info] i  functions: Loading and analyzing source code for codebase default to determine what to deploy 
[debug] [2026-05-18T09:46:42.709Z] Could not find functions.yaml. Must use http discovery
[debug] [2026-05-18T09:46:42.713Z] Found firebase-functions binary at '/Users/rushil.jariwala/Desktop/searce-ai-strategist/functions/node_modules/.bin/firebase-functions'
[info] Serving at port 8982

[debug] [2026-05-18T09:46:43.252Z] Got response from /__/functions.yaml {"endpoints":{"deleteSessionData":{"availableMemoryMb":null,"timeoutSeconds":null,"minInstances":null,"maxInstances":null,"ingressSettings":null,"concurrency":null,"serviceAccountEmail":null,"vpc":null,"platform":"gcfv2","labels":{},"callableTrigger":{},"entryPoint":"deleteSessionData"},"generateContent":{"availableMemoryMb":512,"timeoutSeconds":120,"minInstances":null,"maxInstances":null,"ingressSettings":null,"concurrency":null,"serviceAccountEmail":null,"vpc":null,"platform":"gcfv2","labels":{},"callableTrigger":{},"entryPoint":"generateContent"},"getStrategistSession":{"availableMemoryMb":null,"timeoutSeconds":null,"minInstances":null,"maxInstances":null,"ingressSettings":null,"concurrency":null,"serviceAccountEmail":null,"vpc":null,"platform":"gcfv2","labels":{},"callableTrigger":{},"entryPoint":"getStrategistSession"},"listFavoriteStrategistSessions":{"availableMemoryMb":null,"timeoutSeconds":null,"minInstances":null,"maxInstances":null,"ingressSettings":null,"concurrency":null,"serviceAccountEmail":null,"vpc":null,"platform":"gcfv2","labels":{},"callableTrigger":{},"entryPoint":"listFavoriteStrategistSessions"},"listStrategistSessions":{"availableMemoryMb":null,"timeoutSeconds":null,"minInstances":null,"maxInstances":null,"ingressSettings":null,"concurrency":null,"serviceAccountEmail":null,"vpc":null,"platform":"gcfv2","labels":{},"callableTrigger":{},"entryPoint":"listStrategistSessions"},"regenerateContent":{"availableMemoryMb":512,"timeoutSeconds":120,"minInstances":null,"maxInstances":null,"ingressSettings":null,"concurrency":null,"serviceAccountEmail":null,"vpc":null,"platform":"gcfv2","labels":{},"callableTrigger":{},"entryPoint":"regenerateContent"},"updateSessionData":{"availableMemoryMb":null,"timeoutSeconds":null,"minInstances":null,"maxInstances":null,"ingressSettings":null,"concurrency":null,"serviceAccountEmail":null,"vpc":null,"platform":"gcfv2","labels":{},"callableTrigger":{},"entryPoint":"updateSessionData"}},"specVersion":"v1alpha1","requiredAPIs":[],"extensions":{}}
[info] i  extensions: ensuring required API firebaseextensions.googleapis.com is enabled... 
[debug] [2026-05-18T09:46:47.282Z] > command requires scopes: ["email","openid","https://www.googleapis.com/auth/cloudplatformprojects.readonly","https://www.googleapis.com/auth/firebase","https://www.googleapis.com/auth/cloud-platform"]
[debug] [2026-05-18T09:46:47.283Z] > authorizing via signed-in user (rushil.jariwala@searce.com)
[debug] [2026-05-18T09:46:47.283Z] [iam] checking project searce-website-hosting for permissions ["firebase.projects.get","firebaseextensions.instances.list"]
[debug] [2026-05-18T09:46:47.283Z] Checked if tokens are valid: true, expires at: 1779101165848
[debug] [2026-05-18T09:46:47.283Z] Checked if tokens are valid: true, expires at: 1779101165848
[debug] [2026-05-18T09:46:47.283Z] >>> [apiv2][query] POST https://cloudresourcemanager.googleapis.com/v1/projects/searce-website-hosting:testIamPermissions [none]
[debug] [2026-05-18T09:46:47.283Z] >>> [apiv2][(partial)header] POST https://cloudresourcemanager.googleapis.com/v1/projects/searce-website-hosting:testIamPermissions  x-goog-user-project=searce-website-hosting
[debug] [2026-05-18T09:46:47.283Z] >>> [apiv2][body] POST https://cloudresourcemanager.googleapis.com/v1/projects/searce-website-hosting:testIamPermissions {"permissions":["firebase.projects.get","firebaseextensions.instances.list"]}
[debug] [2026-05-18T09:46:48.801Z] <<< [apiv2][status] POST https://cloudresourcemanager.googleapis.com/v1/projects/searce-website-hosting:testIamPermissions 200
[debug] [2026-05-18T09:46:48.801Z] <<< [apiv2][body] POST https://cloudresourcemanager.googleapis.com/v1/projects/searce-website-hosting:testIamPermissions {"permissions":["firebase.projects.get","firebaseextensions.instances.list"]}
[debug] [2026-05-18T09:46:48.802Z] Checked if tokens are valid: true, expires at: 1779101165848
[debug] [2026-05-18T09:46:48.802Z] Checked if tokens are valid: true, expires at: 1779101165848
[debug] [2026-05-18T09:46:48.802Z] >>> [apiv2][query] GET https://firebaseextensions.googleapis.com/v1beta/projects/searce-website-hosting/instances pageSize=100&pageToken=
[debug] [2026-05-18T09:46:50.588Z] <<< [apiv2][status] GET https://firebaseextensions.googleapis.com/v1beta/projects/searce-website-hosting/instances 200
[debug] [2026-05-18T09:46:50.589Z] <<< [apiv2][body] GET https://firebaseextensions.googleapis.com/v1beta/projects/searce-website-hosting/instances {}
[info] i  functions: Loaded environment variables from .env. 
[info] i  functions: preparing functions directory for uploading... 
[info] i  functions: packaged /Users/rushil.jariwala/Desktop/searce-ai-strategist/functions (340.53 KB) for uploading 
[debug] [2026-05-18T09:46:50.719Z] Checked if tokens are valid: true, expires at: 1779101165848
[debug] [2026-05-18T09:46:50.719Z] Checked if tokens are valid: true, expires at: 1779101165848
[debug] [2026-05-18T09:46:50.719Z] >>> [apiv2][query] GET https://cloudfunctions.googleapis.com/v1/projects/searce-website-hosting/locations/-/functions [none]
[debug] [2026-05-18T09:46:51.742Z] <<< [apiv2][status] GET https://cloudfunctions.googleapis.com/v1/projects/searce-website-hosting/locations/-/functions 200
[debug] [2026-05-18T09:46:51.742Z] <<< [apiv2][body] GET https://cloudfunctions.googleapis.com/v1/projects/searce-website-hosting/locations/-/functions {}
[debug] [2026-05-18T09:46:51.743Z] Checked if tokens are valid: true, expires at: 1779101165848
[debug] [2026-05-18T09:46:51.743Z] Checked if tokens are valid: true, expires at: 1779101165848
[debug] [2026-05-18T09:46:51.744Z] >>> [apiv2][query] GET https://cloudfunctions.googleapis.com/v2/projects/searce-website-hosting/locations/-/functions filter=environment%3D%22GEN_2%22
